<?xml version="1.0" encoding="UTF-8"?>
<testng-results ignored="0" total="2" passed="2" failed="0" skipped="0">
  <reporter-output>
  </reporter-output>
  <suite started-at="2022-03-01T08:14:18 IST" name="Suite" finished-at="2022-03-01T08:14:30 IST" duration-ms="11880">
    <groups>
    </groups>
    <test started-at="2022-03-01T08:14:18 IST" name="TestChrome" finished-at="2022-03-01T08:14:23 IST" duration-ms="4580">
      <class name="testNG.ReadDataFromXml">
        <test-method signature="openBrowser(java.lang.String)[pri:0, instance:testNG.ReadDataFromXml@a2431d0]" started-at="2022-03-01T08:14:18 IST" name="openBrowser" finished-at="2022-03-01T08:14:23 IST" duration-ms="4523" status="PASS">
          <params>
            <param index="0">
              <value>
                <![CDATA[chrome]]>
              </value>
            </param>
          </params>
          <reporter-output>
          </reporter-output>
        </test-method> <!-- openBrowser -->
      </class> <!-- testNG.ReadDataFromXml -->
    </test> <!-- TestChrome -->
    <test started-at="2022-03-01T08:14:23 IST" name="TestFirefox" finished-at="2022-03-01T08:14:30 IST" duration-ms="7204">
      <class name="testNG.ReadDataFromXml">
        <test-method signature="openBrowser(java.lang.String)[pri:0, instance:testNG.ReadDataFromXml@2f217633]" started-at="2022-03-01T08:14:23 IST" name="openBrowser" finished-at="2022-03-01T08:14:30 IST" duration-ms="7196" status="PASS">
          <params>
            <param index="0">
              <value>
                <![CDATA[firefox]]>
              </value>
            </param>
          </params>
          <reporter-output>
          </reporter-output>
        </test-method> <!-- openBrowser -->
      </class> <!-- testNG.ReadDataFromXml -->
    </test> <!-- TestFirefox -->
  </suite> <!-- Suite -->
</testng-results>
