<?xml version="1.0" encoding="UTF-8"?>
<!-- Generated by org.testng.reporters.JUnitXMLReporter -->
<testsuite ignored="0" hostname="DESKTOP-5GQ4SIC" failures="0" tests="5" name="Default test" time="87.069" errors="0" timestamp="2022-02-26T08:10:16 IST">
  <testcase classname="testNG.TestCase1" name="testOrangeHRM" time="11.872"/>
  <testcase classname="testNG.TestCase1" name="testOrangeHRM" time="11.154"/>
  <testcase classname="testNG.TestCase1" name="testOrangeHRM" time="11.463"/>
  <testcase classname="testNG.TestCase1" name="testOrangeHRM" time="11.105"/>
  <testcase classname="testNG.TestCase1" name="testOrangeHRM" time="11.415"/>
</testsuite> <!-- Default test -->
